<?xml version="1.0" encoding="UTF-8"?>
<testsuites name="Mocha Tests" time="9.227" tests="1" failures="1">
  <testsuite name="Root Suite" timestamp="2023-11-23T09:28:36" tests="0" file="cypress\e2e\1-getting-started\basic-grid.cy.js" time="0.000" failures="0">
  </testsuite>
  <testsuite name="example to-do app" timestamp="2023-11-23T09:28:36" tests="1" time="9.157" failures="1">
    <testcase name="example to-do app week drag-n drop event" time="0.000" classname="week drag-n drop event">
      <failure message="`cy.click()` can only be called on a single element. Your subject contained 3 elements. Pass `{ multiple: true }` if you want to serially click each element.

https://on.cypress.io/click" type="CypressError"><![CDATA[CypressError: `cy.click()` can only be called on a single element. Your subject contained 3 elements. Pass `{ multiple: true }` if you want to serially click each element.

https://on.cypress.io/click
    at mouseAction (http://127.0.0.1:5173/__cypress/runner/cypress_runner.js:111522:68)
    at Context.click (http://127.0.0.1:5173/__cypress/runner/cypress_runner.js:111686:14)
    at wrapped (http://127.0.0.1:5173/__cypress/runner/cypress_runner.js:138671:19)
From Your Spec Code:
    at Context.eval (webpack://@calendarview/root/./cypress/e2e/1-getting-started/basic-grid.cy.js:20:25)]]></failure>
    </testcase>
  </testsuite>
</testsuites>